2020-08-08 07:54:43 INFO  Hooks:18 - ::: Starting automation :::
2020-08-08 07:54:43 INFO  Hooks:19 - Browser type: chrome
2020-08-08 07:54:43 INFO  Hooks:20 - URL: http://login2.nextbasecrm.com
2020-08-08 07:54:43 INFO  Hooks:30 - ::: Ending automation :::
2020-08-08 08:24:48 INFO  Hooks:18 - ::: Starting automation :::
2020-08-08 08:24:48 INFO  Hooks:19 - Browser type: chrome
2020-08-08 08:24:48 INFO  Hooks:20 - URL: http://login2.nextbasecrm.com
2020-08-08 08:24:48 INFO  Driver:37 - Browser :: chrome
2020-08-08 08:24:55 INFO  LoginPage:40 - Login as hr
2020-08-08 08:24:56 INFO  Hooks:30 - ::: Ending automation :::
2020-08-08 08:55:29 INFO  Hooks:19 - ::: Starting automation :::
2020-08-08 08:55:29 INFO  Hooks:20 - Browser type: chrome
2020-08-08 08:55:29 INFO  Hooks:21 - URL: http://login2.nextbasecrm.com
2020-08-08 08:55:29 INFO  Driver:37 - Browser :: chrome
2020-08-08 08:55:39 INFO  LoginPage:40 - Logins as hr
2020-08-08 08:55:40 INFO  Hooks:32 - ::: Ending automation :::
2020-08-08 09:54:03 INFO  Hooks:19 - ::: Starting automation :::
2020-08-08 09:54:03 INFO  Hooks:20 - Browser type: chrome
2020-08-08 09:54:03 INFO  Hooks:21 - URL: http://login2.nextbasecrm.com
2020-08-08 09:54:03 INFO  Driver:37 - Browser :: chrome
2020-08-08 09:54:04 INFO  WebDriverManager:573 - Using chromedriver 84.0.4147.30 (since Chrome 84 is installed in your machine)
2020-08-08 09:54:04 INFO  WebDriverManager:631 - Exporting webdriver.chrome.driver as C:\Users\PC\.m2\repository\webdriver\chromedriver\win32\84.0.4147.30\chromedriver.exe
2020-08-08 09:54:13 INFO  LoginPage:40 - Logins as hr
2020-08-08 09:54:16 INFO  BasePage:39 - Navigating to: Activity Stream
2020-08-08 09:54:16 INFO  ActivityStreamPage:31 - File path: C:\Users\PC\IdeaProjects\Bitrix_OFFICE_Hour/src\test\resources\testData\testImage.png
2020-08-08 09:54:22 INFO  ActivityStreamPage:39 - Clicking on the Send button
2020-08-08 09:54:23 INFO  Hooks:32 - ::: Ending automation :::
2020-08-08 10:27:33 INFO  Hooks:19 - ::: Starting automation :::
2020-08-08 10:27:33 INFO  Hooks:20 - Browser type: chrome
2020-08-08 10:27:33 INFO  Hooks:21 - URL: http://login2.nextbasecrm.com
2020-08-08 10:27:33 INFO  Driver:37 - Browser :: chrome
2020-08-08 10:27:34 INFO  WebDriverManager:573 - Using chromedriver 84.0.4147.30 (since Chrome 84 is installed in your machine)
2020-08-08 10:27:34 INFO  WebDriverManager:631 - Exporting webdriver.chrome.driver as C:\Users\PC\.m2\repository\webdriver\chromedriver\win32\84.0.4147.30\chromedriver.exe
2020-08-08 10:27:44 INFO  LoginPage:40 - Logins as hr
2020-08-08 10:27:46 INFO  BasePage:39 - Navigating to: Activity Stream
2020-08-08 10:27:46 INFO  ActivityStreamPage:31 - File path: C:\Users\PC\IdeaProjects\Bitrix_OFFICE_Hour/src\test\resources\testData\testImage.png
2020-08-08 10:27:52 INFO  ActivityStreamPage:39 - Clicking on the Send button
2020-08-08 10:27:53 INFO  Hooks:32 - ::: Ending automation :::
2020-08-08 10:28:27 INFO  Hooks:19 - ::: Starting automation :::
2020-08-08 10:28:27 INFO  Hooks:20 - Browser type: chrome
2020-08-08 10:28:27 INFO  Hooks:21 - URL: http://login2.nextbasecrm.com
2020-08-08 10:28:27 INFO  Driver:37 - Browser :: chrome
2020-08-08 10:28:28 INFO  WebDriverManager:573 - Using chromedriver 84.0.4147.30 (since Chrome 84 is installed in your machine)
2020-08-08 10:28:28 INFO  WebDriverManager:631 - Exporting webdriver.chrome.driver as C:\Users\PC\.m2\repository\webdriver\chromedriver\win32\84.0.4147.30\chromedriver.exe
2020-08-08 10:28:37 INFO  LoginPage:40 - Logins as hr
2020-08-08 10:28:41 INFO  BasePage:39 - Navigating to: Activity Stream
2020-08-08 10:28:41 INFO  ActivityStreamPage:31 - File path: C:\Users\PC\IdeaProjects\Bitrix_OFFICE_Hour/src\test\resources\testData\testImage.png
2020-08-08 10:28:48 INFO  ActivityStreamPage:39 - Clicking on the Send button
2020-08-08 10:28:48 INFO  Hooks:32 - ::: Ending automation :::
